<?xml version="1.0" encoding="UTF-8"?>
<!-- Generated by org.testng.reporters.JUnitReportReporter -->
<testsuite skipped="0" hostname="SAMEERA" name="testCombyneScripts.LoginScripts" tests="11" failures="0" timestamp="2020-11-16T23:58:35 EST" time="184.825" errors="0">
  <testcase name="test1" time="13.260" classname="testCombyneScripts.LoginScripts"/>
  <system-out/>
  <testcase name="test2" time="17.872" classname="testCombyneScripts.LoginScripts"/>
  <system-out/>
  <testcase name="test4" time="15.812" classname="testCombyneScripts.LoginScripts"/>
  <system-out/>
  <testcase name="test5" time="15.683" classname="testCombyneScripts.LoginScripts"/>
  <system-out/>
  <testcase name="test6" time="16.387" classname="testCombyneScripts.LoginScripts"/>
  <system-out/>
  <testcase name="test8" time="23.931" classname="testCombyneScripts.LoginScripts"/>
  <system-out/>
  <testcase name="test9" time="15.734" classname="testCombyneScripts.LoginScripts"/>
  <system-out/>
  <testcase name="test10" time="13.742" classname="testCombyneScripts.LoginScripts"/>
  <system-out/>
  <testcase name="test11" time="18.577" classname="testCombyneScripts.LoginScripts"/>
  <system-out/>
  <testcase name="test12" time="17.546" classname="testCombyneScripts.LoginScripts"/>
  <system-out/>
  <testcase name="test16" time="16.281" classname="testCombyneScripts.LoginScripts"/>
  <system-out/>
</testsuite> <!-- testCombyneScripts.LoginScripts -->
